Using pre-set license
Built from '2020.2/release' branch; Version is '2020.2.1f1 (270dd8c3da1c) revision 2559448'; Using compiler version '192528614'; Build Type 'Release'
OS: 'Windows 10  (10.0.0) 64bit' Language: 'en' Physical Memory: 16333 MB
BatchMode: 1, IsHumanControllingUs: 0, StartBugReporterOnCrash: 0, Is64bit: 1, IsPro: 0

 COMMAND LINE ARGUMENTS:
C:\Program Files\Unity\Hub\Editor\2020.2.1f1\Editor\Unity.exe
-adb2
-batchMode
-noUpm
-name
AssetImportWorker0
-projectPath
C:/Users/pc/Documents/GitHub/Simple-Game-Assignmnet/Exercise Assignment
-logFile
Logs/AssetImportWorker0.log
-srvPort
59253
Successfully changed project path to: C:/Users/pc/Documents/GitHub/Simple-Game-Assignmnet/Exercise Assignment
C:/Users/pc/Documents/GitHub/Simple-Game-Assignmnet/Exercise Assignment
Using Asset Import Pipeline V2.
Refreshing native plugins compatible for Editor in 32.40 ms, found 0 plugins.
Preloading 0 native plugins for Editor in 0.00 ms.
Initialize engine version: 2020.2.1f1 (270dd8c3da1c)
[Subsystems] Discovering subsystems at path C:/Program Files/Unity/Hub/Editor/2020.2.1f1/Editor/Data/Resources/UnitySubsystems
[Subsystems] Discovering subsystems at path C:/Users/pc/Documents/GitHub/Simple-Game-Assignmnet/Exercise Assignment/Assets
GfxDevice: creating device client; threaded=0
Direct3D:
    Version:  Direct3D 11.0 [level 11.1]
    Renderer: NVIDIA GeForce GTX 1060 3GB (ID=0x1c02)
    Vendor:   
    VRAM:     2988 MB
    Driver:   30.0.14.7141
Initialize mono
Mono path[0] = 'C:/Program Files/Unity/Hub/Editor/2020.2.1f1/Editor/Data/Managed'
Mono path[1] = 'C:/Program Files/Unity/Hub/Editor/2020.2.1f1/Editor/Data/MonoBleedingEdge/lib/mono/unityjit'
Mono config path = 'C:/Program Files/Unity/Hub/Editor/2020.2.1f1/Editor/Data/MonoBleedingEdge/etc'
Using monoOptions --debugger-agent=transport=dt_socket,embedding=1,server=y,suspend=n,address=127.0.0.1:56300
Begin MonoManager ReloadAssembly
Registering precompiled unity dll's ...
Register platform support module: C:/Program Files/Unity/Hub/Editor/2020.2.1f1/Editor/Data/PlaybackEngines/WindowsStandaloneSupport/UnityEditor.WindowsStandalone.Extensions.dll
Registered in 0.004245 seconds.
Native extension for WindowsStandalone target not found
Refreshing native plugins compatible for Editor in 32.35 ms, found 0 plugins.
Preloading 0 native plugins for Editor in 0.00 ms.
Invoked RoslynAnalysisRunner static constructor.
RoslynAnalysisRunner will not be running.
RoslynAnalysisRunner has terminated.
Mono: successfully reloaded assembly
- Completed reload, in  1.614 seconds
Platform modules already initialized, skipping
Registering precompiled user dll's ...
Registered in 0.002554 seconds.
Begin MonoManager ReloadAssembly
Native extension for WindowsStandalone target not found
Refreshing native plugins compatible for Editor in 0.27 ms, found 0 plugins.
Preloading 0 native plugins for Editor in 0.00 ms.
Invoked RoslynAnalysisRunner static constructor.
RoslynAnalysisRunner will not be running.
RoslynAnalysisRunner has terminated.
Mono: successfully reloaded assembly
- Completed reload, in  1.178 seconds
Platform modules already initialized, skipping
========================================================================
Worker process is ready to serve import requests
Launched and connected shader compiler UnityShaderCompiler.exe after 0.04 seconds
Refreshing native plugins compatible for Editor in 0.30 ms, found 0 plugins.
Preloading 0 native plugins for Editor in 0.00 ms.
Unloading 1154 Unused Serialized files (Serialized files now loaded: 0)
System memory in use before: 59.6 MB.
System memory in use after: 59.7 MB.

Unloading 12 unused Assets to reduce memory usage. Loaded Objects now: 1598.
Total: 3.238100 ms (FindLiveObjects: 0.151700 ms CreateObjectMapping: 0.049500 ms MarkObjects: 2.943400 ms  DeleteObjects: 0.091800 ms)

========================================================================
Received Import Request.
  path: Assets/UIManager.cs
  artifactKey: Guid(d65f76cecdfb755449d095b7958a6ad9) Importer(815301076,1909f56bfc062723c751e8b465ee728b)
Start importing Assets/UIManager.cs using Guid(d65f76cecdfb755449d095b7958a6ad9) Importer(815301076,1909f56bfc062723c751e8b465ee728b)  -> (artifact id: 'ce1376755a0509e582ab792c08d6e1d1') in 0.057113 seconds
  Import took 0.060013 seconds .

========================================================================
Received Import Request.
  Time since last request: 293.100395 seconds.
  path: Assets/Scripts/GUIManager.cs
  artifactKey: Guid(53333167d5c0efc4da01353911a6b071) Importer(815301076,1909f56bfc062723c751e8b465ee728b)
Start importing Assets/Scripts/GUIManager.cs using Guid(53333167d5c0efc4da01353911a6b071) Importer(815301076,1909f56bfc062723c751e8b465ee728b)  -> (artifact id: 'b74fb7f1c70454425887781034075313') in 0.010735 seconds
  Import took 0.013741 seconds .

========================================================================
Received Import Request.
  Time since last request: 542.255038 seconds.
  path: Assets/Scripts/Cube.cs
  artifactKey: Guid(8ae9c3649c671884a9a7a6fc99e961f5) Importer(815301076,1909f56bfc062723c751e8b465ee728b)
Start importing Assets/Scripts/Cube.cs using Guid(8ae9c3649c671884a9a7a6fc99e961f5) Importer(815301076,1909f56bfc062723c751e8b465ee728b)  -> (artifact id: '8b70f4544cf696f76c3c6d9e27f76fc4') in 0.012843 seconds
  Import took 0.015615 seconds .

========================================================================
Received Import Request.
  Time since last request: 101.303548 seconds.
  path: Assets/Scripts/Cube.cs
  artifactKey: Guid(8ae9c3649c671884a9a7a6fc99e961f5) Importer(815301076,1909f56bfc062723c751e8b465ee728b)
Start importing Assets/Scripts/Cube.cs using Guid(8ae9c3649c671884a9a7a6fc99e961f5) Importer(815301076,1909f56bfc062723c751e8b465ee728b)  -> (artifact id: 'b5028bdad358999620f6d5444b5c3792') in 0.010637 seconds
  Import took 0.013164 seconds .

========================================================================
Received Import Request.
  Time since last request: 10.948905 seconds.
  path: Assets/Scripts/Cube.cs
  artifactKey: Guid(8ae9c3649c671884a9a7a6fc99e961f5) Importer(815301076,1909f56bfc062723c751e8b465ee728b)
Start importing Assets/Scripts/Cube.cs using Guid(8ae9c3649c671884a9a7a6fc99e961f5) Importer(815301076,1909f56bfc062723c751e8b465ee728b)  -> (artifact id: 'd572866f7a715e4a6273ef3af5c5c74b') in 0.009367 seconds
  Import took 0.011988 seconds .

========================================================================
Received Import Request.
  Time since last request: 155.677754 seconds.
  path: Assets/Scripts/del.cs
  artifactKey: Guid(8ae9c3649c671884a9a7a6fc99e961f5) Importer(815301076,1909f56bfc062723c751e8b465ee728b)
Start importing Assets/Scripts/del.cs using Guid(8ae9c3649c671884a9a7a6fc99e961f5) Importer(815301076,1909f56bfc062723c751e8b465ee728b)  -> (artifact id: '3d9e456bae340353a41cf733fe283394') in 0.014797 seconds
  Import took 0.017439 seconds .

========================================================================
Received Import Request.
  Time since last request: 48.266646 seconds.
  path: Assets/Scripts/Cube.cs
  artifactKey: Guid(4dd653c38ffbe7d4b8d1baf089a0cb63) Importer(815301076,1909f56bfc062723c751e8b465ee728b)
Start importing Assets/Scripts/Cube.cs using Guid(4dd653c38ffbe7d4b8d1baf089a0cb63) Importer(815301076,1909f56bfc062723c751e8b465ee728b)  -> (artifact id: 'c37dc9e7b45a26b337acdfa3913a078f') in 0.005038 seconds
  Import took 0.007628 seconds .

========================================================================
Received Import Request.
  Time since last request: 0.001023 seconds.
  path: Assets/Scripts/Cube.cs
  artifactKey: Guid(4dd653c38ffbe7d4b8d1baf089a0cb63) Importer(815301076,1909f56bfc062723c751e8b465ee728b)
Start importing Assets/Scripts/Cube.cs using Guid(4dd653c38ffbe7d4b8d1baf089a0cb63) Importer(815301076,1909f56bfc062723c751e8b465ee728b)  -> (artifact id: 'c37dc9e7b45a26b337acdfa3913a078f') in 0.005115 seconds
  Import took 0.008121 seconds .

========================================================================
Received Import Request.
  Time since last request: 10.801167 seconds.
  path: Assets/Scripts/Cube.cs
  artifactKey: Guid(4dd653c38ffbe7d4b8d1baf089a0cb63) Importer(815301076,1909f56bfc062723c751e8b465ee728b)
Start importing Assets/Scripts/Cube.cs using Guid(4dd653c38ffbe7d4b8d1baf089a0cb63) Importer(815301076,1909f56bfc062723c751e8b465ee728b)  -> (artifact id: '7868dff83f3aafd694447db3fc3f2726') in 0.039491 seconds
  Import took 0.043471 seconds .

========================================================================
Received Import Request.
  Time since last request: 31.771185 seconds.
  path: Assets/Scripts/UIManager.cs
  artifactKey: Guid(d65f76cecdfb755449d095b7958a6ad9) Importer(815301076,1909f56bfc062723c751e8b465ee728b)
Start importing Assets/Scripts/UIManager.cs using Guid(d65f76cecdfb755449d095b7958a6ad9) Importer(815301076,1909f56bfc062723c751e8b465ee728b)  -> (artifact id: '249aeba44c5424727084664c01dde391') in 0.006568 seconds
  Import took 0.010788 seconds .

========================================================================
Received Import Request.
  Time since last request: 8.790179 seconds.
  path: Assets/Scripts/UIManager.cs
  artifactKey: Guid(d65f76cecdfb755449d095b7958a6ad9) Importer(815301076,1909f56bfc062723c751e8b465ee728b)
Start importing Assets/Scripts/UIManager.cs using Guid(d65f76cecdfb755449d095b7958a6ad9) Importer(815301076,1909f56bfc062723c751e8b465ee728b)  -> (artifact id: '769c83b43da6a5ebf1294c384f72970e') in 0.010485 seconds
  Import took 0.013878 seconds .

========================================================================
Received Prepare
Registering precompiled user dll's ...
Registered in 0.007178 seconds.
Begin MonoManager ReloadAssembly
Native extension for WindowsStandalone target not found
Refreshing native plugins compatible for Editor in 0.29 ms, found 0 plugins.
Preloading 0 native plugins for Editor in 0.00 ms.
Invoked RoslynAnalysisRunner static constructor.
RoslynAnalysisRunner will not be running.
RoslynAnalysisRunner has terminated.
Mono: successfully reloaded assembly
- Completed reload, in  1.157 seconds
Platform modules already initialized, skipping
Refreshing native plugins compatible for Editor in 0.30 ms, found 0 plugins.
Preloading 0 native plugins for Editor in 0.00 ms.
Unloading 1135 Unused Serialized files (Serialized files now loaded: 0)
System memory in use before: 58.8 MB.
System memory in use after: 58.9 MB.

Unloading 9 unused Assets to reduce memory usage. Loaded Objects now: 1599.
Total: 2.410300 ms (FindLiveObjects: 0.216800 ms CreateObjectMapping: 0.076500 ms MarkObjects: 2.028300 ms  DeleteObjects: 0.087300 ms)

========================================================================
Received Prepare
Registering precompiled user dll's ...
Registered in 0.002301 seconds.
Begin MonoManager ReloadAssembly
Native extension for WindowsStandalone target not found
Refreshing native plugins compatible for Editor in 0.34 ms, found 0 plugins.
Preloading 0 native plugins for Editor in 0.00 ms.
Invoked RoslynAnalysisRunner static constructor.
RoslynAnalysisRunner will not be running.
RoslynAnalysisRunner has terminated.
Mono: successfully reloaded assembly
- Completed reload, in  1.128 seconds
Platform modules already initialized, skipping
Refreshing native plugins compatible for Editor in 0.29 ms, found 0 plugins.
Preloading 0 native plugins for Editor in 0.00 ms.
Unloading 1135 Unused Serialized files (Serialized files now loaded: 0)
System memory in use before: 59.0 MB.
System memory in use after: 59.1 MB.

Unloading 7 unused Assets to reduce memory usage. Loaded Objects now: 1601.
Total: 2.010300 ms (FindLiveObjects: 0.179100 ms CreateObjectMapping: 0.043000 ms MarkObjects: 1.703000 ms  DeleteObjects: 0.083900 ms)

========================================================================
Received Prepare
Registering precompiled user dll's ...
Registered in 0.002443 seconds.
Begin MonoManager ReloadAssembly
Native extension for WindowsStandalone target not found
Refreshing native plugins compatible for Editor in 0.28 ms, found 0 plugins.
Preloading 0 native plugins for Editor in 0.00 ms.
Invoked RoslynAnalysisRunner static constructor.
RoslynAnalysisRunner will not be running.
RoslynAnalysisRunner has terminated.
Mono: successfully reloaded assembly
- Completed reload, in  1.040 seconds
Platform modules already initialized, skipping
Refreshing native plugins compatible for Editor in 0.29 ms, found 0 plugins.
Preloading 0 native plugins for Editor in 0.00 ms.
Unloading 1135 Unused Serialized files (Serialized files now loaded: 0)
System memory in use before: 59.2 MB.
System memory in use after: 59.3 MB.

Unloading 7 unused Assets to reduce memory usage. Loaded Objects now: 1603.
Total: 2.170000 ms (FindLiveObjects: 0.239500 ms CreateObjectMapping: 0.082200 ms MarkObjects: 1.789600 ms  DeleteObjects: 0.057100 ms)

========================================================================
Received Import Request.
  Time since last request: 110.972546 seconds.
  path: Assets/Scripts/Cube.cs
  artifactKey: Guid(4dd653c38ffbe7d4b8d1baf089a0cb63) Importer(815301076,1909f56bfc062723c751e8b465ee728b)
Start importing Assets/Scripts/Cube.cs using Guid(4dd653c38ffbe7d4b8d1baf089a0cb63) Importer(815301076,1909f56bfc062723c751e8b465ee728b)  -> (artifact id: '40bd07b85de81935ec084c4083415e8e') in 0.011058 seconds
  Import took 0.014272 seconds .

========================================================================
Received Import Request.
  Time since last request: 1.545249 seconds.
  path: Assets/Scripts/Cube.cs
  artifactKey: Guid(4dd653c38ffbe7d4b8d1baf089a0cb63) Importer(815301076,1909f56bfc062723c751e8b465ee728b)
Start importing Assets/Scripts/Cube.cs using Guid(4dd653c38ffbe7d4b8d1baf089a0cb63) Importer(815301076,1909f56bfc062723c751e8b465ee728b)  -> (artifact id: '40bd07b85de81935ec084c4083415e8e') in 0.004065 seconds
  Import took 0.006435 seconds .

========================================================================
Received Prepare
Registering precompiled user dll's ...
Registered in 0.002638 seconds.
Begin MonoManager ReloadAssembly
Native extension for WindowsStandalone target not found
Refreshing native plugins compatible for Editor in 0.28 ms, found 0 plugins.
Preloading 0 native plugins for Editor in 0.00 ms.
Invoked RoslynAnalysisRunner static constructor.
RoslynAnalysisRunner will not be running.
RoslynAnalysisRunner has terminated.
Mono: successfully reloaded assembly
- Completed reload, in  1.094 seconds
Platform modules already initialized, skipping
Refreshing native plugins compatible for Editor in 0.30 ms, found 0 plugins.
Preloading 0 native plugins for Editor in 0.00 ms.
Unloading 1135 Unused Serialized files (Serialized files now loaded: 0)
System memory in use before: 59.4 MB.
System memory in use after: 59.5 MB.

Unloading 7 unused Assets to reduce memory usage. Loaded Objects now: 1605.
Total: 2.267300 ms (FindLiveObjects: 0.186200 ms CreateObjectMapping: 0.170500 ms MarkObjects: 1.853000 ms  DeleteObjects: 0.056300 ms)

========================================================================
Received Import Request.
  Time since last request: 41.075680 seconds.
  path: Assets/Scripts/Cube.cs
  artifactKey: Guid(4dd653c38ffbe7d4b8d1baf089a0cb63) Importer(815301076,1909f56bfc062723c751e8b465ee728b)
Start importing Assets/Scripts/Cube.cs using Guid(4dd653c38ffbe7d4b8d1baf089a0cb63) Importer(815301076,1909f56bfc062723c751e8b465ee728b)  -> (artifact id: '0fad0b77212b0af55ba163cfe7912b37') in 0.008523 seconds
  Import took 0.011347 seconds .

========================================================================
Received Prepare
Registering precompiled user dll's ...
Registered in 0.002416 seconds.
Begin MonoManager ReloadAssembly
Native extension for WindowsStandalone target not found
Refreshing native plugins compatible for Editor in 0.28 ms, found 0 plugins.
Preloading 0 native plugins for Editor in 0.00 ms.
Invoked RoslynAnalysisRunner static constructor.
RoslynAnalysisRunner will not be running.
RoslynAnalysisRunner has terminated.
Mono: successfully reloaded assembly
- Completed reload, in  1.065 seconds
Platform modules already initialized, skipping
Refreshing native plugins compatible for Editor in 0.29 ms, found 0 plugins.
Preloading 0 native plugins for Editor in 0.00 ms.
Unloading 1135 Unused Serialized files (Serialized files now loaded: 0)
System memory in use before: 59.7 MB.
System memory in use after: 59.7 MB.

Unloading 7 unused Assets to reduce memory usage. Loaded Objects now: 1607.
Total: 2.259600 ms (FindLiveObjects: 0.205700 ms CreateObjectMapping: 0.086300 ms MarkObjects: 1.909500 ms  DeleteObjects: 0.056500 ms)

========================================================================
Received Import Request.
  Time since last request: 37.100317 seconds.
  path: Assets/Scripts/Cube.cs
  artifactKey: Guid(4dd653c38ffbe7d4b8d1baf089a0cb63) Importer(815301076,1909f56bfc062723c751e8b465ee728b)
Start importing Assets/Scripts/Cube.cs using Guid(4dd653c38ffbe7d4b8d1baf089a0cb63) Importer(815301076,1909f56bfc062723c751e8b465ee728b)  -> (artifact id: 'a07838867d766568dfaa3206ebc087aa') in 0.008540 seconds
  Import took 0.011026 seconds .

========================================================================
Received Prepare
Registering precompiled user dll's ...
Registered in 0.002544 seconds.
Begin MonoManager ReloadAssembly
Native extension for WindowsStandalone target not found
Refreshing native plugins compatible for Editor in 0.36 ms, found 0 plugins.
Preloading 0 native plugins for Editor in 0.00 ms.
Invoked RoslynAnalysisRunner static constructor.
RoslynAnalysisRunner will not be running.
RoslynAnalysisRunner has terminated.
Mono: successfully reloaded assembly
- Completed reload, in  1.158 seconds
Platform modules already initialized, skipping
Refreshing native plugins compatible for Editor in 0.29 ms, found 0 plugins.
Preloading 0 native plugins for Editor in 0.00 ms.
Unloading 1135 Unused Serialized files (Serialized files now loaded: 0)
System memory in use before: 59.9 MB.
System memory in use after: 60.0 MB.

Unloading 7 unused Assets to reduce memory usage. Loaded Objects now: 1609.
Total: 3.087000 ms (FindLiveObjects: 0.470900 ms CreateObjectMapping: 0.334700 ms MarkObjects: 2.219600 ms  DeleteObjects: 0.060400 ms)

========================================================================
Received Import Request.
  Time since last request: 348.428166 seconds.
  path: Assets/Scripts/Cube.cs
  artifactKey: Guid(4dd653c38ffbe7d4b8d1baf089a0cb63) Importer(815301076,1909f56bfc062723c751e8b465ee728b)
Start importing Assets/Scripts/Cube.cs using Guid(4dd653c38ffbe7d4b8d1baf089a0cb63) Importer(815301076,1909f56bfc062723c751e8b465ee728b)  -> (artifact id: '2519ea8e1e08f9f4aeba7386d59f0604') in 0.010045 seconds
  Import took 0.012961 seconds .

========================================================================
Received Prepare
Registering precompiled user dll's ...
Registered in 0.002359 seconds.
Begin MonoManager ReloadAssembly
Native extension for WindowsStandalone target not found
Refreshing native plugins compatible for Editor in 0.34 ms, found 0 plugins.
Preloading 0 native plugins for Editor in 0.00 ms.
Invoked RoslynAnalysisRunner static constructor.
RoslynAnalysisRunner will not be running.
RoslynAnalysisRunner has terminated.
Mono: successfully reloaded assembly
- Completed reload, in  1.046 seconds
Platform modules already initialized, skipping
Refreshing native plugins compatible for Editor in 0.34 ms, found 0 plugins.
Preloading 0 native plugins for Editor in 0.00 ms.
Unloading 1135 Unused Serialized files (Serialized files now loaded: 0)
System memory in use before: 60.1 MB.
System memory in use after: 60.2 MB.

Unloading 7 unused Assets to reduce memory usage. Loaded Objects now: 1611.
Total: 2.176200 ms (FindLiveObjects: 0.149400 ms CreateObjectMapping: 0.046100 ms MarkObjects: 1.925900 ms  DeleteObjects: 0.053900 ms)

========================================================================
Received Import Request.
  Time since last request: 276.735583 seconds.
  path: Assets/Scripts/Cube.cs
  artifactKey: Guid(4dd653c38ffbe7d4b8d1baf089a0cb63) Importer(815301076,1909f56bfc062723c751e8b465ee728b)
Start importing Assets/Scripts/Cube.cs using Guid(4dd653c38ffbe7d4b8d1baf089a0cb63) Importer(815301076,1909f56bfc062723c751e8b465ee728b)  -> (artifact id: 'd0302066cdf421bf0e8f3b115724fecd') in 0.009930 seconds
  Import took 0.012386 seconds .

========================================================================
Received Prepare
Registering precompiled user dll's ...
Registered in 0.002332 seconds.
Begin MonoManager ReloadAssembly
Native extension for WindowsStandalone target not found
Refreshing native plugins compatible for Editor in 0.28 ms, found 0 plugins.
Preloading 0 native plugins for Editor in 0.00 ms.
Invoked RoslynAnalysisRunner static constructor.
RoslynAnalysisRunner will not be running.
RoslynAnalysisRunner has terminated.
Mono: successfully reloaded assembly
- Completed reload, in  1.148 seconds
Platform modules already initialized, skipping
Refreshing native plugins compatible for Editor in 0.28 ms, found 0 plugins.
Preloading 0 native plugins for Editor in 0.00 ms.
Unloading 1135 Unused Serialized files (Serialized files now loaded: 0)
System memory in use before: 60.3 MB.
System memory in use after: 60.4 MB.

Unloading 7 unused Assets to reduce memory usage. Loaded Objects now: 1613.
Total: 2.858000 ms (FindLiveObjects: 0.620800 ms CreateObjectMapping: 0.082000 ms MarkObjects: 2.086800 ms  DeleteObjects: 0.067500 ms)

========================================================================
Received Import Request.
  Time since last request: 57.310460 seconds.
  path: Assets/Scripts/Cube.cs
  artifactKey: Guid(4dd653c38ffbe7d4b8d1baf089a0cb63) Importer(815301076,1909f56bfc062723c751e8b465ee728b)
Start importing Assets/Scripts/Cube.cs using Guid(4dd653c38ffbe7d4b8d1baf089a0cb63) Importer(815301076,1909f56bfc062723c751e8b465ee728b)  -> (artifact id: '26ee6ca34225d6af2d2e89784046e253') in 0.007660 seconds
  Import took 0.010194 seconds .

========================================================================
Received Prepare
Registering precompiled user dll's ...
Registered in 0.002467 seconds.
Begin MonoManager ReloadAssembly
Native extension for WindowsStandalone target not found
Refreshing native plugins compatible for Editor in 0.51 ms, found 0 plugins.
Preloading 0 native plugins for Editor in 0.00 ms.
Invoked RoslynAnalysisRunner static constructor.
RoslynAnalysisRunner will not be running.
RoslynAnalysisRunner has terminated.
Mono: successfully reloaded assembly
- Completed reload, in  1.126 seconds
Platform modules already initialized, skipping
Refreshing native plugins compatible for Editor in 0.29 ms, found 0 plugins.
Preloading 0 native plugins for Editor in 0.00 ms.
Unloading 1135 Unused Serialized files (Serialized files now loaded: 0)
System memory in use before: 60.5 MB.
System memory in use after: 60.6 MB.

Unloading 7 unused Assets to reduce memory usage. Loaded Objects now: 1615.
Total: 2.229600 ms (FindLiveObjects: 0.230000 ms CreateObjectMapping: 0.109300 ms MarkObjects: 1.823300 ms  DeleteObjects: 0.064300 ms)

========================================================================
Received Import Request.
  Time since last request: 220.162643 seconds.
  path: Assets/Scripts/Cube.cs
  artifactKey: Guid(4dd653c38ffbe7d4b8d1baf089a0cb63) Importer(815301076,1909f56bfc062723c751e8b465ee728b)
Start importing Assets/Scripts/Cube.cs using Guid(4dd653c38ffbe7d4b8d1baf089a0cb63) Importer(815301076,1909f56bfc062723c751e8b465ee728b)  -> (artifact id: '369cc0505645f5399fc73e93fff79099') in 0.006548 seconds
  Import took 0.009052 seconds .

========================================================================
Received Prepare
Registering precompiled user dll's ...
Registered in 0.002582 seconds.
Begin MonoManager ReloadAssembly
Native extension for WindowsStandalone target not found
Refreshing native plugins compatible for Editor in 0.28 ms, found 0 plugins.
Preloading 0 native plugins for Editor in 0.00 ms.
Invoked RoslynAnalysisRunner static constructor.
RoslynAnalysisRunner will not be running.
RoslynAnalysisRunner has terminated.
Mono: successfully reloaded assembly
- Completed reload, in  1.085 seconds
Platform modules already initialized, skipping
Refreshing native plugins compatible for Editor in 0.29 ms, found 0 plugins.
Preloading 0 native plugins for Editor in 0.00 ms.
Unloading 1135 Unused Serialized files (Serialized files now loaded: 0)
System memory in use before: 59.7 MB.
System memory in use after: 59.8 MB.

Unloading 7 unused Assets to reduce memory usage. Loaded Objects now: 1617.
Total: 2.089800 ms (FindLiveObjects: 0.187400 ms CreateObjectMapping: 0.088900 ms MarkObjects: 1.721400 ms  DeleteObjects: 0.090700 ms)

========================================================================
Received Import Request.
  Time since last request: 39.216169 seconds.
  path: Assets/Scripts/Cube.cs
  artifactKey: Guid(4dd653c38ffbe7d4b8d1baf089a0cb63) Importer(815301076,1909f56bfc062723c751e8b465ee728b)
Start importing Assets/Scripts/Cube.cs using Guid(4dd653c38ffbe7d4b8d1baf089a0cb63) Importer(815301076,1909f56bfc062723c751e8b465ee728b)  -> (artifact id: 'a171b90416fe3c4c3d43e817c21fd308') in 0.008736 seconds
  Import took 0.011165 seconds .

========================================================================
Received Prepare
Registering precompiled user dll's ...
Registered in 0.002326 seconds.
Begin MonoManager ReloadAssembly
Native extension for WindowsStandalone target not found
Refreshing native plugins compatible for Editor in 0.31 ms, found 0 plugins.
Preloading 0 native plugins for Editor in 0.00 ms.
Invoked RoslynAnalysisRunner static constructor.
RoslynAnalysisRunner will not be running.
RoslynAnalysisRunner has terminated.
Mono: successfully reloaded assembly
- Completed reload, in  1.035 seconds
Platform modules already initialized, skipping
Refreshing native plugins compatible for Editor in 0.31 ms, found 0 plugins.
Preloading 0 native plugins for Editor in 0.00 ms.
Unloading 1135 Unused Serialized files (Serialized files now loaded: 0)
System memory in use before: 59.9 MB.
System memory in use after: 60.0 MB.

Unloading 7 unused Assets to reduce memory usage. Loaded Objects now: 1619.
Total: 2.219900 ms (FindLiveObjects: 0.182800 ms CreateObjectMapping: 0.081900 ms MarkObjects: 1.885900 ms  DeleteObjects: 0.068000 ms)

========================================================================
Received Import Request.
  Time since last request: 265.289524 seconds.
  path: Assets/Scripts/Cube.cs
  artifactKey: Guid(4dd653c38ffbe7d4b8d1baf089a0cb63) Importer(815301076,1909f56bfc062723c751e8b465ee728b)
Start importing Assets/Scripts/Cube.cs using Guid(4dd653c38ffbe7d4b8d1baf089a0cb63) Importer(815301076,1909f56bfc062723c751e8b465ee728b)  -> (artifact id: 'dc801c649626b5c5474087238c7c2268') in 0.007049 seconds
  Import took 0.009494 seconds .

========================================================================
Received Import Request.
  Time since last request: 1.510774 seconds.
  path: Assets/Scripts/Cube.cs
  artifactKey: Guid(4dd653c38ffbe7d4b8d1baf089a0cb63) Importer(815301076,1909f56bfc062723c751e8b465ee728b)
Start importing Assets/Scripts/Cube.cs using Guid(4dd653c38ffbe7d4b8d1baf089a0cb63) Importer(815301076,1909f56bfc062723c751e8b465ee728b)  -> (artifact id: 'dc801c649626b5c5474087238c7c2268') in 0.006883 seconds
  Import took 0.009487 seconds .

========================================================================
Received Prepare
Registering precompiled user dll's ...
Registered in 0.003161 seconds.
Begin MonoManager ReloadAssembly
Native extension for WindowsStandalone target not found
Refreshing native plugins compatible for Editor in 0.32 ms, found 0 plugins.
Preloading 0 native plugins for Editor in 0.00 ms.
Invoked RoslynAnalysisRunner static constructor.
RoslynAnalysisRunner will not be running.
RoslynAnalysisRunner has terminated.
Mono: successfully reloaded assembly
- Completed reload, in  1.083 seconds
Platform modules already initialized, skipping
Refreshing native plugins compatible for Editor in 0.34 ms, found 0 plugins.
Preloading 0 native plugins for Editor in 0.00 ms.
Unloading 1135 Unused Serialized files (Serialized files now loaded: 0)
System memory in use before: 60.1 MB.
System memory in use after: 60.2 MB.

Unloading 7 unused Assets to reduce memory usage. Loaded Objects now: 1621.
Total: 2.218100 ms (FindLiveObjects: 0.187500 ms CreateObjectMapping: 0.098400 ms MarkObjects: 1.846100 ms  DeleteObjects: 0.085400 ms)

========================================================================
Received Import Request.
  Time since last request: 128.241517 seconds.
  path: Assets/Scripts/Cube.cs
  artifactKey: Guid(4dd653c38ffbe7d4b8d1baf089a0cb63) Importer(815301076,1909f56bfc062723c751e8b465ee728b)
Start importing Assets/Scripts/Cube.cs using Guid(4dd653c38ffbe7d4b8d1baf089a0cb63) Importer(815301076,1909f56bfc062723c751e8b465ee728b)  -> (artifact id: '1baae974947137c3fad84e0c8bcaebc0') in 0.008450 seconds
  Import took 0.010787 seconds .

========================================================================
Received Prepare
Registering precompiled user dll's ...
Registered in 0.002404 seconds.
Begin MonoManager ReloadAssembly
Native extension for WindowsStandalone target not found
Refreshing native plugins compatible for Editor in 0.28 ms, found 0 plugins.
Preloading 0 native plugins for Editor in 0.00 ms.
Invoked RoslynAnalysisRunner static constructor.
RoslynAnalysisRunner will not be running.
RoslynAnalysisRunner has terminated.
Mono: successfully reloaded assembly
- Completed reload, in  1.109 seconds
Platform modules already initialized, skipping
Refreshing native plugins compatible for Editor in 0.29 ms, found 0 plugins.
Preloading 0 native plugins for Editor in 0.00 ms.
Unloading 1135 Unused Serialized files (Serialized files now loaded: 0)
System memory in use before: 60.3 MB.
System memory in use after: 60.4 MB.

Unloading 7 unused Assets to reduce memory usage. Loaded Objects now: 1623.
Total: 1.995200 ms (FindLiveObjects: 0.155000 ms CreateObjectMapping: 0.047800 ms MarkObjects: 1.723200 ms  DeleteObjects: 0.067700 ms)

========================================================================
Received Import Request.
  Time since last request: 129.097085 seconds.
  path: Assets/Scripts/Cube.cs
  artifactKey: Guid(4dd653c38ffbe7d4b8d1baf089a0cb63) Importer(815301076,1909f56bfc062723c751e8b465ee728b)
Start importing Assets/Scripts/Cube.cs using Guid(4dd653c38ffbe7d4b8d1baf089a0cb63) Importer(815301076,1909f56bfc062723c751e8b465ee728b)  -> (artifact id: 'd6765a6606885a48c3d960731337895e') in 0.008700 seconds
  Import took 0.011467 seconds .

========================================================================
Received Prepare
Registering precompiled user dll's ...
Registered in 0.002387 seconds.
Begin MonoManager ReloadAssembly
Native extension for WindowsStandalone target not found
Refreshing native plugins compatible for Editor in 0.28 ms, found 0 plugins.
Preloading 0 native plugins for Editor in 0.00 ms.
Invoked RoslynAnalysisRunner static constructor.
RoslynAnalysisRunner will not be running.
RoslynAnalysisRunner has terminated.
Mono: successfully reloaded assembly
- Completed reload, in  1.205 seconds
Platform modules already initialized, skipping
Refreshing native plugins compatible for Editor in 0.38 ms, found 0 plugins.
Preloading 0 native plugins for Editor in 0.00 ms.
Unloading 1135 Unused Serialized files (Serialized files now loaded: 0)
System memory in use before: 60.5 MB.
System memory in use after: 60.6 MB.

Unloading 7 unused Assets to reduce memory usage. Loaded Objects now: 1625.
Total: 2.660700 ms (FindLiveObjects: 0.584700 ms CreateObjectMapping: 0.181700 ms MarkObjects: 1.832700 ms  DeleteObjects: 0.060000 ms)

========================================================================
Received Prepare
Registering precompiled user dll's ...
Registered in 0.002706 seconds.
Begin MonoManager ReloadAssembly
Native extension for WindowsStandalone target not found
Refreshing native plugins compatible for Editor in 0.29 ms, found 0 plugins.
Preloading 0 native plugins for Editor in 0.00 ms.
Invoked RoslynAnalysisRunner static constructor.
RoslynAnalysisRunner will not be running.
RoslynAnalysisRunner has terminated.
Mono: successfully reloaded assembly
- Completed reload, in  1.162 seconds
Platform modules already initialized, skipping
Refreshing native plugins compatible for Editor in 0.30 ms, found 0 plugins.
Preloading 0 native plugins for Editor in 0.00 ms.
Unloading 1135 Unused Serialized files (Serialized files now loaded: 0)
System memory in use before: 59.7 MB.
System memory in use after: 59.8 MB.

Unloading 7 unused Assets to reduce memory usage. Loaded Objects now: 1627.
Total: 2.204800 ms (FindLiveObjects: 0.284000 ms CreateObjectMapping: 0.049700 ms MarkObjects: 1.811900 ms  DeleteObjects: 0.058000 ms)

========================================================================
Received Import Request.
  Time since last request: 4228.320428 seconds.
  path: Assets/Scripts/Cube.cs
  artifactKey: Guid(4dd653c38ffbe7d4b8d1baf089a0cb63) Importer(815301076,1909f56bfc062723c751e8b465ee728b)
Start importing Assets/Scripts/Cube.cs using Guid(4dd653c38ffbe7d4b8d1baf089a0cb63) Importer(815301076,1909f56bfc062723c751e8b465ee728b)  -> (artifact id: 'b398f5ddc044088d3e4dd0253ad3ca18') in 0.008533 seconds
  Import took 0.011043 seconds .

========================================================================
Received Prepare
Registering precompiled user dll's ...
Registered in 0.002431 seconds.
Begin MonoManager ReloadAssembly
Native extension for WindowsStandalone target not found
Refreshing native plugins compatible for Editor in 0.28 ms, found 0 plugins.
Preloading 0 native plugins for Editor in 0.00 ms.
Invoked RoslynAnalysisRunner static constructor.
RoslynAnalysisRunner will not be running.
RoslynAnalysisRunner has terminated.
Mono: successfully reloaded assembly
- Completed reload, in  1.042 seconds
Platform modules already initialized, skipping
Refreshing native plugins compatible for Editor in 0.39 ms, found 0 plugins.
Preloading 0 native plugins for Editor in 0.00 ms.
Unloading 1135 Unused Serialized files (Serialized files now loaded: 0)
System memory in use before: 59.9 MB.
System memory in use after: 60.0 MB.

Unloading 7 unused Assets to reduce memory usage. Loaded Objects now: 1629.
Total: 2.055200 ms (FindLiveObjects: 0.147300 ms CreateObjectMapping: 0.045200 ms MarkObjects: 1.805000 ms  DeleteObjects: 0.056800 ms)

========================================================================
Received Import Request.
  Time since last request: 31.896109 seconds.
  path: Assets/Scripts/Cube.cs
  artifactKey: Guid(4dd653c38ffbe7d4b8d1baf089a0cb63) Importer(815301076,1909f56bfc062723c751e8b465ee728b)
Start importing Assets/Scripts/Cube.cs using Guid(4dd653c38ffbe7d4b8d1baf089a0cb63) Importer(815301076,1909f56bfc062723c751e8b465ee728b)  -> (artifact id: '84ddb75d5dc9e52b11ae34f734bb7f7d') in 0.007464 seconds
  Import took 0.009881 seconds .

========================================================================
Received Import Request.
  Time since last request: 2.075041 seconds.
  path: Assets/Scripts/Cube.cs
  artifactKey: Guid(4dd653c38ffbe7d4b8d1baf089a0cb63) Importer(815301076,1909f56bfc062723c751e8b465ee728b)
Start importing Assets/Scripts/Cube.cs using Guid(4dd653c38ffbe7d4b8d1baf089a0cb63) Importer(815301076,1909f56bfc062723c751e8b465ee728b)  -> (artifact id: '84ddb75d5dc9e52b11ae34f734bb7f7d') in 0.006685 seconds
  Import took 0.008973 seconds .

========================================================================
Received Prepare
Registering precompiled user dll's ...
Registered in 0.002613 seconds.
Begin MonoManager ReloadAssembly
Native extension for WindowsStandalone target not found
Refreshing native plugins compatible for Editor in 0.31 ms, found 0 plugins.
Preloading 0 native plugins for Editor in 0.00 ms.
Invoked RoslynAnalysisRunner static constructor.
RoslynAnalysisRunner will not be running.
RoslynAnalysisRunner has terminated.
Mono: successfully reloaded assembly
- Completed reload, in  1.058 seconds
Platform modules already initialized, skipping
Refreshing native plugins compatible for Editor in 0.30 ms, found 0 plugins.
Preloading 0 native plugins for Editor in 0.00 ms.
Unloading 1135 Unused Serialized files (Serialized files now loaded: 0)
System memory in use before: 60.1 MB.
System memory in use after: 60.2 MB.

Unloading 7 unused Assets to reduce memory usage. Loaded Objects now: 1631.
Total: 2.520500 ms (FindLiveObjects: 0.203300 ms CreateObjectMapping: 0.100000 ms MarkObjects: 2.144100 ms  DeleteObjects: 0.071400 ms)

========================================================================
Received Import Request.
  Time since last request: 62.694817 seconds.
  path: Assets/Scripts/Cube.cs
  artifactKey: Guid(4dd653c38ffbe7d4b8d1baf089a0cb63) Importer(815301076,1909f56bfc062723c751e8b465ee728b)
Start importing Assets/Scripts/Cube.cs using Guid(4dd653c38ffbe7d4b8d1baf089a0cb63) Importer(815301076,1909f56bfc062723c751e8b465ee728b)  -> (artifact id: '74346cedf9cef78954a52b881fdf8fcd') in 0.009397 seconds
  Import took 0.012022 seconds .

========================================================================
Received Import Request.
  Time since last request: 1.497345 seconds.
  path: Assets/Scripts/Cube.cs
  artifactKey: Guid(4dd653c38ffbe7d4b8d1baf089a0cb63) Importer(815301076,1909f56bfc062723c751e8b465ee728b)
Start importing Assets/Scripts/Cube.cs using Guid(4dd653c38ffbe7d4b8d1baf089a0cb63) Importer(815301076,1909f56bfc062723c751e8b465ee728b)  -> (artifact id: '74346cedf9cef78954a52b881fdf8fcd') in 0.005345 seconds
  Import took 0.007692 seconds .

========================================================================
Received Prepare
Registering precompiled user dll's ...
Registered in 0.002393 seconds.
Begin MonoManager ReloadAssembly
Native extension for WindowsStandalone target not found
Refreshing native plugins compatible for Editor in 0.28 ms, found 0 plugins.
Preloading 0 native plugins for Editor in 0.00 ms.
Invoked RoslynAnalysisRunner static constructor.
RoslynAnalysisRunner will not be running.
RoslynAnalysisRunner has terminated.
Mono: successfully reloaded assembly
- Completed reload, in  1.076 seconds
Platform modules already initialized, skipping
Refreshing native plugins compatible for Editor in 0.29 ms, found 0 plugins.
Preloading 0 native plugins for Editor in 0.00 ms.
Unloading 1135 Unused Serialized files (Serialized files now loaded: 0)
System memory in use before: 60.3 MB.
System memory in use after: 60.4 MB.

Unloading 7 unused Assets to reduce memory usage. Loaded Objects now: 1633.
Total: 2.226000 ms (FindLiveObjects: 0.195300 ms CreateObjectMapping: 0.092600 ms MarkObjects: 1.876800 ms  DeleteObjects: 0.060100 ms)

========================================================================
Received Import Request.
  Time since last request: 143.624704 seconds.
  path: Assets/Scripts/Cube.cs
  artifactKey: Guid(4dd653c38ffbe7d4b8d1baf089a0cb63) Importer(815301076,1909f56bfc062723c751e8b465ee728b)
Start importing Assets/Scripts/Cube.cs using Guid(4dd653c38ffbe7d4b8d1baf089a0cb63) Importer(815301076,1909f56bfc062723c751e8b465ee728b)  -> (artifact id: '1f8d4c28bdd3f50f963fe64d311cb9bd') in 0.009080 seconds
  Import took 0.011476 seconds .

========================================================================
Received Import Request.
  Time since last request: 1.643385 seconds.
  path: Assets/Scripts/Cube.cs
  artifactKey: Guid(4dd653c38ffbe7d4b8d1baf089a0cb63) Importer(815301076,1909f56bfc062723c751e8b465ee728b)
Start importing Assets/Scripts/Cube.cs using Guid(4dd653c38ffbe7d4b8d1baf089a0cb63) Importer(815301076,1909f56bfc062723c751e8b465ee728b)  -> (artifact id: '1f8d4c28bdd3f50f963fe64d311cb9bd') in 0.004665 seconds
  Import took 0.007035 seconds .

========================================================================
Received Prepare
Registering precompiled user dll's ...
Registered in 0.003275 seconds.
Begin MonoManager ReloadAssembly
Native extension for WindowsStandalone target not found
Refreshing native plugins compatible for Editor in 0.27 ms, found 0 plugins.
Preloading 0 native plugins for Editor in 0.00 ms.
Invoked RoslynAnalysisRunner static constructor.
RoslynAnalysisRunner will not be running.
RoslynAnalysisRunner has terminated.
Mono: successfully reloaded assembly
- Completed reload, in  1.054 seconds
Platform modules already initialized, skipping
Refreshing native plugins compatible for Editor in 0.30 ms, found 0 plugins.
Preloading 0 native plugins for Editor in 0.00 ms.
Unloading 1135 Unused Serialized files (Serialized files now loaded: 0)
System memory in use before: 60.5 MB.
System memory in use after: 60.6 MB.

Unloading 7 unused Assets to reduce memory usage. Loaded Objects now: 1635.
Total: 2.298500 ms (FindLiveObjects: 0.208400 ms CreateObjectMapping: 0.100300 ms MarkObjects: 1.908800 ms  DeleteObjects: 0.079500 ms)

========================================================================
Received Import Request.
  Time since last request: 92.329890 seconds.
  path: Assets/Scripts/Cube.cs
  artifactKey: Guid(4dd653c38ffbe7d4b8d1baf089a0cb63) Importer(815301076,1909f56bfc062723c751e8b465ee728b)
Start importing Assets/Scripts/Cube.cs using Guid(4dd653c38ffbe7d4b8d1baf089a0cb63) Importer(815301076,1909f56bfc062723c751e8b465ee728b)  -> (artifact id: '68fc1c570f0f8c70452759627bc2937b') in 0.009031 seconds
  Import took 0.011738 seconds .

========================================================================
Received Prepare
Registering precompiled user dll's ...
Registered in 0.002353 seconds.
Begin MonoManager ReloadAssembly
Native extension for WindowsStandalone target not found
Refreshing native plugins compatible for Editor in 0.28 ms, found 0 plugins.
Preloading 0 native plugins for Editor in 0.00 ms.
Invoked RoslynAnalysisRunner static constructor.
RoslynAnalysisRunner will not be running.
RoslynAnalysisRunner has terminated.
Mono: successfully reloaded assembly
- Completed reload, in  1.002 seconds
Platform modules already initialized, skipping
Refreshing native plugins compatible for Editor in 0.30 ms, found 0 plugins.
Preloading 0 native plugins for Editor in 0.00 ms.
Unloading 1135 Unused Serialized files (Serialized files now loaded: 0)
System memory in use before: 59.7 MB.
System memory in use after: 59.8 MB.

Unloading 7 unused Assets to reduce memory usage. Loaded Objects now: 1637.
Total: 2.174500 ms (FindLiveObjects: 0.198500 ms CreateObjectMapping: 0.096400 ms MarkObjects: 1.814100 ms  DeleteObjects: 0.063800 ms)

========================================================================
Received Import Request.
  Time since last request: 28.463272 seconds.
  path: Assets/Scripts/Cube.cs
  artifactKey: Guid(4dd653c38ffbe7d4b8d1baf089a0cb63) Importer(815301076,1909f56bfc062723c751e8b465ee728b)
Start importing Assets/Scripts/Cube.cs using Guid(4dd653c38ffbe7d4b8d1baf089a0cb63) Importer(815301076,1909f56bfc062723c751e8b465ee728b)  -> (artifact id: 'cecfedf29b4a72d7ab5726642b2edb68') in 0.009064 seconds
  Import took 0.011527 seconds .

========================================================================
Received Import Request.
  Time since last request: 1.597876 seconds.
  path: Assets/Scripts/Cube.cs
  artifactKey: Guid(4dd653c38ffbe7d4b8d1baf089a0cb63) Importer(815301076,1909f56bfc062723c751e8b465ee728b)
Start importing Assets/Scripts/Cube.cs using Guid(4dd653c38ffbe7d4b8d1baf089a0cb63) Importer(815301076,1909f56bfc062723c751e8b465ee728b)  -> (artifact id: 'cecfedf29b4a72d7ab5726642b2edb68') in 0.004406 seconds
  Import took 0.006819 seconds .

========================================================================
Received Prepare
Registering precompiled user dll's ...
Registered in 0.002605 seconds.
Begin MonoManager ReloadAssembly
Native extension for WindowsStandalone target not found
Refreshing native plugins compatible for Editor in 0.28 ms, found 0 plugins.
Preloading 0 native plugins for Editor in 0.00 ms.
Invoked RoslynAnalysisRunner static constructor.
RoslynAnalysisRunner will not be running.
RoslynAnalysisRunner has terminated.
Mono: successfully reloaded assembly
- Completed reload, in  1.051 seconds
Platform modules already initialized, skipping
Refreshing native plugins compatible for Editor in 0.28 ms, found 0 plugins.
Preloading 0 native plugins for Editor in 0.00 ms.
Unloading 1135 Unused Serialized files (Serialized files now loaded: 0)
System memory in use before: 59.9 MB.
System memory in use after: 60.0 MB.

Unloading 7 unused Assets to reduce memory usage. Loaded Objects now: 1639.
Total: 1.888000 ms (FindLiveObjects: 0.156200 ms CreateObjectMapping: 0.044400 ms MarkObjects: 1.601200 ms  DeleteObjects: 0.085100 ms)

========================================================================
Received Prepare
Registering precompiled user dll's ...
Registered in 0.002240 seconds.
Begin MonoManager ReloadAssembly
Native extension for WindowsStandalone target not found
Refreshing native plugins compatible for Editor in 0.27 ms, found 0 plugins.
Preloading 0 native plugins for Editor in 0.00 ms.
Invoked RoslynAnalysisRunner static constructor.
RoslynAnalysisRunner will not be running.
RoslynAnalysisRunner has terminated.
Mono: successfully reloaded assembly
- Completed reload, in  1.044 seconds
Platform modules already initialized, skipping
Refreshing native plugins compatible for Editor in 0.29 ms, found 0 plugins.
Preloading 0 native plugins for Editor in 0.00 ms.
Unloading 1135 Unused Serialized files (Serialized files now loaded: 0)
System memory in use before: 60.1 MB.
System memory in use after: 60.2 MB.

Unloading 7 unused Assets to reduce memory usage. Loaded Objects now: 1641.
Total: 1.812400 ms (FindLiveObjects: 0.182800 ms CreateObjectMapping: 0.055400 ms MarkObjects: 1.515900 ms  DeleteObjects: 0.056700 ms)

========================================================================
Received Import Request.
  Time since last request: 46.246285 seconds.
  path: Assets/Scripts/Cube.cs
  artifactKey: Guid(4dd653c38ffbe7d4b8d1baf089a0cb63) Importer(815301076,1909f56bfc062723c751e8b465ee728b)
Start importing Assets/Scripts/Cube.cs using Guid(4dd653c38ffbe7d4b8d1baf089a0cb63) Importer(815301076,1909f56bfc062723c751e8b465ee728b)  -> (artifact id: '68bfc99955972c61d02b0aef76041542') in 0.008416 seconds
  Import took 0.010929 seconds .

========================================================================
Received Prepare
Registering precompiled user dll's ...
Registered in 0.004201 seconds.
Begin MonoManager ReloadAssembly
Native extension for WindowsStandalone target not found
Refreshing native plugins compatible for Editor in 0.33 ms, found 0 plugins.
Preloading 0 native plugins for Editor in 0.00 ms.
Invoked RoslynAnalysisRunner static constructor.
RoslynAnalysisRunner will not be running.
RoslynAnalysisRunner has terminated.
Mono: successfully reloaded assembly
- Completed reload, in  1.338 seconds
Platform modules already initialized, skipping
Refreshing native plugins compatible for Editor in 0.28 ms, found 0 plugins.
Preloading 0 native plugins for Editor in 0.00 ms.
Unloading 1135 Unused Serialized files (Serialized files now loaded: 0)
System memory in use before: 60.4 MB.
System memory in use after: 60.4 MB.

Unloading 7 unused Assets to reduce memory usage. Loaded Objects now: 1643.
Total: 3.484900 ms (FindLiveObjects: 0.152800 ms CreateObjectMapping: 0.046800 ms MarkObjects: 3.225200 ms  DeleteObjects: 0.058500 ms)

========================================================================
Received Prepare
Registering precompiled user dll's ...
Registered in 0.002430 seconds.
Begin MonoManager ReloadAssembly
Native extension for WindowsStandalone target not found
Refreshing native plugins compatible for Editor in 0.33 ms, found 0 plugins.
Preloading 0 native plugins for Editor in 0.00 ms.
Invoked RoslynAnalysisRunner static constructor.
RoslynAnalysisRunner will not be running.
RoslynAnalysisRunner has terminated.
Mono: successfully reloaded assembly
- Completed reload, in  1.417 seconds
Platform modules already initialized, skipping
Refreshing native plugins compatible for Editor in 0.34 ms, found 0 plugins.
Preloading 0 native plugins for Editor in 0.00 ms.
Unloading 1135 Unused Serialized files (Serialized files now loaded: 0)
System memory in use before: 60.6 MB.
System memory in use after: 60.6 MB.

Unloading 7 unused Assets to reduce memory usage. Loaded Objects now: 1645.
Total: 2.954400 ms (FindLiveObjects: 0.297900 ms CreateObjectMapping: 0.140100 ms MarkObjects: 2.447000 ms  DeleteObjects: 0.067100 ms)

========================================================================
Received Prepare
Registering precompiled user dll's ...
Registered in 0.002381 seconds.
Begin MonoManager ReloadAssembly
Native extension for WindowsStandalone target not found
Refreshing native plugins compatible for Editor in 0.28 ms, found 0 plugins.
Preloading 0 native plugins for Editor in 0.00 ms.
Invoked RoslynAnalysisRunner static constructor.
RoslynAnalysisRunner will not be running.
RoslynAnalysisRunner has terminated.
Mono: successfully reloaded assembly
- Completed reload, in  1.019 seconds
Platform modules already initialized, skipping
Refreshing native plugins compatible for Editor in 0.30 ms, found 0 plugins.
Preloading 0 native plugins for Editor in 0.00 ms.
Unloading 1135 Unused Serialized files (Serialized files now loaded: 0)
System memory in use before: 59.8 MB.
System memory in use after: 59.8 MB.

Unloading 7 unused Assets to reduce memory usage. Loaded Objects now: 1647.
Total: 2.088200 ms (FindLiveObjects: 0.187900 ms CreateObjectMapping: 0.081400 ms MarkObjects: 1.747700 ms  DeleteObjects: 0.069200 ms)

========================================================================
Received Import Request.
  Time since last request: 630.019838 seconds.
  path: Assets/Scripts/Cube.cs
  artifactKey: Guid(4dd653c38ffbe7d4b8d1baf089a0cb63) Importer(815301076,1909f56bfc062723c751e8b465ee728b)
Start importing Assets/Scripts/Cube.cs using Guid(4dd653c38ffbe7d4b8d1baf089a0cb63) Importer(815301076,1909f56bfc062723c751e8b465ee728b)  -> (artifact id: '122a24496350e697e79ac83572893999') in 0.009406 seconds
  Import took 0.011739 seconds .

========================================================================
Received Import Request.
  Time since last request: 1.605981 seconds.
  path: Assets/Scripts/Cube.cs
  artifactKey: Guid(4dd653c38ffbe7d4b8d1baf089a0cb63) Importer(815301076,1909f56bfc062723c751e8b465ee728b)
Start importing Assets/Scripts/Cube.cs using Guid(4dd653c38ffbe7d4b8d1baf089a0cb63) Importer(815301076,1909f56bfc062723c751e8b465ee728b)  -> (artifact id: '122a24496350e697e79ac83572893999') in 0.022990 seconds
  Import took 0.025487 seconds .

========================================================================
Received Prepare
Registering precompiled user dll's ...
Registered in 0.002577 seconds.
Begin MonoManager ReloadAssembly
Native extension for WindowsStandalone target not found
Refreshing native plugins compatible for Editor in 0.29 ms, found 0 plugins.
Preloading 0 native plugins for Editor in 0.00 ms.
Invoked RoslynAnalysisRunner static constructor.
RoslynAnalysisRunner will not be running.
RoslynAnalysisRunner has terminated.
Mono: successfully reloaded assembly
- Completed reload, in  1.034 seconds
Platform modules already initialized, skipping
Refreshing native plugins compatible for Editor in 0.29 ms, found 0 plugins.
Preloading 0 native plugins for Editor in 0.00 ms.
Unloading 1135 Unused Serialized files (Serialized files now loaded: 0)
System memory in use before: 60.0 MB.
System memory in use after: 60.0 MB.

Unloading 7 unused Assets to reduce memory usage. Loaded Objects now: 1649.
Total: 2.085000 ms (FindLiveObjects: 0.155500 ms CreateObjectMapping: 0.049600 ms MarkObjects: 1.809200 ms  DeleteObjects: 0.069600 ms)

========================================================================
Received Import Request.
  Time since last request: 38.952559 seconds.
  path: Assets/Scripts/Cube.cs
  artifactKey: Guid(4dd653c38ffbe7d4b8d1baf089a0cb63) Importer(815301076,1909f56bfc062723c751e8b465ee728b)
Start importing Assets/Scripts/Cube.cs using Guid(4dd653c38ffbe7d4b8d1baf089a0cb63) Importer(815301076,1909f56bfc062723c751e8b465ee728b)  -> (artifact id: '17863576dae085cfbe6da151dc963ec9') in 0.011612 seconds
  Import took 0.014055 seconds .

========================================================================
Received Import Request.
  Time since last request: 1.165526 seconds.
  path: Assets/Scripts/Cube.cs
  artifactKey: Guid(4dd653c38ffbe7d4b8d1baf089a0cb63) Importer(815301076,1909f56bfc062723c751e8b465ee728b)
Start importing Assets/Scripts/Cube.cs using Guid(4dd653c38ffbe7d4b8d1baf089a0cb63) Importer(815301076,1909f56bfc062723c751e8b465ee728b)  -> (artifact id: '17863576dae085cfbe6da151dc963ec9') in 0.004257 seconds
  Import took 0.006568 seconds .

========================================================================
Received Prepare
Registering precompiled user dll's ...
Registered in 0.002647 seconds.
Begin MonoManager ReloadAssembly
Native extension for WindowsStandalone target not found
Refreshing native plugins compatible for Editor in 0.28 ms, found 0 plugins.
Preloading 0 native plugins for Editor in 0.00 ms.
Invoked RoslynAnalysisRunner static constructor.
RoslynAnalysisRunner will not be running.
RoslynAnalysisRunner has terminated.
Mono: successfully reloaded assembly
- Completed reload, in  1.105 seconds
Platform modules already initialized, skipping
Refreshing native plugins compatible for Editor in 0.30 ms, found 0 plugins.
Preloading 0 native plugins for Editor in 0.00 ms.
Unloading 1135 Unused Serialized files (Serialized files now loaded: 0)
System memory in use before: 60.2 MB.
System memory in use after: 60.2 MB.

Unloading 7 unused Assets to reduce memory usage. Loaded Objects now: 1651.
Total: 2.041300 ms (FindLiveObjects: 0.157300 ms CreateObjectMapping: 0.047600 ms MarkObjects: 1.769000 ms  DeleteObjects: 0.065800 ms)

========================================================================
Received Import Request.
  Time since last request: 19502.655531 seconds.
  path: Assets/Scripts/CubeScript.cs
  artifactKey: Guid(4dd653c38ffbe7d4b8d1baf089a0cb63) Importer(815301076,1909f56bfc062723c751e8b465ee728b)
Start importing Assets/Scripts/CubeScript.cs using Guid(4dd653c38ffbe7d4b8d1baf089a0cb63) Importer(815301076,1909f56bfc062723c751e8b465ee728b)  -> (artifact id: 'c2d03dd91e6f1adc35d40b3d043e81f6') in 0.064425 seconds
  Import took 0.117138 seconds .

========================================================================
Received Import Request.
  Time since last request: 1458.144622 seconds.
  path: Assets/Scripts/CubeScript.cs
  artifactKey: Guid(4dd653c38ffbe7d4b8d1baf089a0cb63) Importer(815301076,1909f56bfc062723c751e8b465ee728b)
Start importing Assets/Scripts/CubeScript.cs using Guid(4dd653c38ffbe7d4b8d1baf089a0cb63) Importer(815301076,1909f56bfc062723c751e8b465ee728b)  -> (artifact id: 'a6526b6f04c41fd1a331509f5c821446') in 0.016568 seconds
  Import took 0.019848 seconds .

========================================================================
Received Prepare
Registering precompiled user dll's ...
Registered in 0.002535 seconds.
Begin MonoManager ReloadAssembly
Native extension for WindowsStandalone target not found
Refreshing native plugins compatible for Editor in 0.30 ms, found 0 plugins.
Preloading 0 native plugins for Editor in 0.00 ms.
Invoked RoslynAnalysisRunner static constructor.
RoslynAnalysisRunner will not be running.
RoslynAnalysisRunner has terminated.
Mono: successfully reloaded assembly
- Completed reload, in  1.256 seconds
Platform modules already initialized, skipping
Refreshing native plugins compatible for Editor in 0.30 ms, found 0 plugins.
Preloading 0 native plugins for Editor in 0.00 ms.
Unloading 1135 Unused Serialized files (Serialized files now loaded: 0)
System memory in use before: 60.4 MB.
System memory in use after: 60.4 MB.

Unloading 7 unused Assets to reduce memory usage. Loaded Objects now: 1653.
Total: 2.919900 ms (FindLiveObjects: 0.168700 ms CreateObjectMapping: 0.481600 ms MarkObjects: 2.198900 ms  DeleteObjects: 0.069400 ms)

========================================================================
Received Prepare
Registering precompiled user dll's ...
Registered in 0.002992 seconds.
Begin MonoManager ReloadAssembly
Native extension for WindowsStandalone target not found
Refreshing native plugins compatible for Editor in 0.28 ms, found 0 plugins.
Preloading 0 native plugins for Editor in 0.00 ms.
Invoked RoslynAnalysisRunner static constructor.
RoslynAnalysisRunner will not be running.
RoslynAnalysisRunner has terminated.
Mono: successfully reloaded assembly
- Completed reload, in  1.171 seconds
Platform modules already initialized, skipping
Refreshing native plugins compatible for Editor in 0.29 ms, found 0 plugins.
Preloading 0 native plugins for Editor in 0.00 ms.
Unloading 1135 Unused Serialized files (Serialized files now loaded: 0)
System memory in use before: 60.6 MB.
System memory in use after: 60.7 MB.

Unloading 7 unused Assets to reduce memory usage. Loaded Objects now: 1655.
Total: 1.921300 ms (FindLiveObjects: 0.199700 ms CreateObjectMapping: 0.086800 ms MarkObjects: 1.577100 ms  DeleteObjects: 0.056500 ms)

========================================================================
Received Prepare
Registering precompiled user dll's ...
Registered in 0.002384 seconds.
Begin MonoManager ReloadAssembly
Native extension for WindowsStandalone target not found
Refreshing native plugins compatible for Editor in 0.28 ms, found 0 plugins.
Preloading 0 native plugins for Editor in 0.00 ms.
Invoked RoslynAnalysisRunner static constructor.
RoslynAnalysisRunner will not be running.
RoslynAnalysisRunner has terminated.
Mono: successfully reloaded assembly
- Completed reload, in  1.064 seconds
Platform modules already initialized, skipping
Refreshing native plugins compatible for Editor in 0.34 ms, found 0 plugins.
Preloading 0 native plugins for Editor in 0.00 ms.
Unloading 1135 Unused Serialized files (Serialized files now loaded: 0)
System memory in use before: 60.8 MB.
System memory in use after: 60.9 MB.

Unloading 7 unused Assets to reduce memory usage. Loaded Objects now: 1657.
Total: 2.121400 ms (FindLiveObjects: 0.170000 ms CreateObjectMapping: 0.047700 ms MarkObjects: 1.842100 ms  DeleteObjects: 0.060200 ms)

========================================================================
Received Import Request.
  Time since last request: 1398.747979 seconds.
  path: Assets/BG.mat
  artifactKey: Guid(d6c05feed6c8f874980f564514be0480) Importer(815301076,1909f56bfc062723c751e8b465ee728b)
Start importing Assets/BG.mat using Guid(d6c05feed6c8f874980f564514be0480) Importer(815301076,1909f56bfc062723c751e8b465ee728b)  -> (artifact id: 'd2aa9acc898127e02d734179856f65b0') in 0.151054 seconds
  Import took 0.153732 seconds .

========================================================================
Received Prepare
Registering precompiled user dll's ...
Registered in 0.005208 seconds.
Begin MonoManager ReloadAssembly
Native extension for WindowsStandalone target not found
Refreshing native plugins compatible for Editor in 0.27 ms, found 0 plugins.
Preloading 0 native plugins for Editor in 0.00 ms.
Invoked RoslynAnalysisRunner static constructor.
RoslynAnalysisRunner will not be running.
RoslynAnalysisRunner has terminated.
Mono: successfully reloaded assembly
- Completed reload, in  1.101 seconds
Platform modules already initialized, skipping
Refreshing native plugins compatible for Editor in 0.29 ms, found 0 plugins.
Preloading 0 native plugins for Editor in 0.00 ms.
Unloading 1135 Unused Serialized files (Serialized files now loaded: 0)
System memory in use before: 63.3 MB.
System memory in use after: 63.4 MB.

Unloading 7 unused Assets to reduce memory usage. Loaded Objects now: 1699.
Total: 2.222800 ms (FindLiveObjects: 0.162500 ms CreateObjectMapping: 0.048300 ms MarkObjects: 1.955300 ms  DeleteObjects: 0.055800 ms)

========================================================================
Received Import Request.
  Time since last request: 236.184911 seconds.
  path: Assets/BG.mat
  artifactKey: Guid(d6c05feed6c8f874980f564514be0480) Importer(815301076,1909f56bfc062723c751e8b465ee728b)
Start importing Assets/BG.mat using Guid(d6c05feed6c8f874980f564514be0480) Importer(815301076,1909f56bfc062723c751e8b465ee728b)  -> (artifact id: 'f53bb5ad2bdd9f13c3faacf0838b06d6') in 0.099625 seconds
  Import took 0.102129 seconds .

========================================================================
Received Prepare
Registering precompiled user dll's ...
Registered in 0.003980 seconds.
Begin MonoManager ReloadAssembly
Native extension for WindowsStandalone target not found
Refreshing native plugins compatible for Editor in 0.36 ms, found 0 plugins.
Preloading 0 native plugins for Editor in 0.00 ms.
Invoked RoslynAnalysisRunner static constructor.
RoslynAnalysisRunner will not be running.
RoslynAnalysisRunner has terminated.
Mono: successfully reloaded assembly
- Completed reload, in  1.095 seconds
Platform modules already initialized, skipping
Refreshing native plugins compatible for Editor in 0.29 ms, found 0 plugins.
Preloading 0 native plugins for Editor in 0.00 ms.
Unloading 1135 Unused Serialized files (Serialized files now loaded: 0)
System memory in use before: 63.5 MB.
System memory in use after: 63.6 MB.

Unloading 7 unused Assets to reduce memory usage. Loaded Objects now: 1702.
Total: 1.953900 ms (FindLiveObjects: 0.163400 ms CreateObjectMapping: 0.047200 ms MarkObjects: 1.662400 ms  DeleteObjects: 0.079700 ms)

========================================================================
Received Prepare
Registering precompiled user dll's ...
Registered in 0.002470 seconds.
Begin MonoManager ReloadAssembly
Native extension for WindowsStandalone target not found
Refreshing native plugins compatible for Editor in 0.30 ms, found 0 plugins.
Preloading 0 native plugins for Editor in 0.00 ms.
Invoked RoslynAnalysisRunner static constructor.
RoslynAnalysisRunner will not be running.
RoslynAnalysisRunner has terminated.
Mono: successfully reloaded assembly
- Completed reload, in  1.172 seconds
Platform modules already initialized, skipping
Refreshing native plugins compatible for Editor in 0.39 ms, found 0 plugins.
Preloading 0 native plugins for Editor in 0.00 ms.
Unloading 1135 Unused Serialized files (Serialized files now loaded: 0)
System memory in use before: 63.7 MB.
System memory in use after: 63.8 MB.

Unloading 7 unused Assets to reduce memory usage. Loaded Objects now: 1704.
Total: 2.078400 ms (FindLiveObjects: 0.170200 ms CreateObjectMapping: 0.056900 ms MarkObjects: 1.792200 ms  DeleteObjects: 0.058000 ms)

========================================================================
Received Prepare
Registering precompiled user dll's ...
Registered in 0.003851 seconds.
Begin MonoManager ReloadAssembly
Native extension for WindowsStandalone target not found
Refreshing native plugins compatible for Editor in 0.36 ms, found 0 plugins.
Preloading 0 native plugins for Editor in 0.00 ms.
Invoked RoslynAnalysisRunner static constructor.
RoslynAnalysisRunner will not be running.
RoslynAnalysisRunner has terminated.
Mono: successfully reloaded assembly
- Completed reload, in  1.063 seconds
Platform modules already initialized, skipping
Refreshing native plugins compatible for Editor in 0.29 ms, found 0 plugins.
Preloading 0 native plugins for Editor in 0.00 ms.
Unloading 1135 Unused Serialized files (Serialized files now loaded: 0)
System memory in use before: 63.9 MB.
System memory in use after: 64.0 MB.

Unloading 7 unused Assets to reduce memory usage. Loaded Objects now: 1706.
Total: 1.925300 ms (FindLiveObjects: 0.208400 ms CreateObjectMapping: 0.045800 ms MarkObjects: 1.589300 ms  DeleteObjects: 0.080600 ms)

========================================================================
Received Prepare
Registering precompiled user dll's ...
Registered in 0.002499 seconds.
Begin MonoManager ReloadAssembly
Native extension for WindowsStandalone target not found
Refreshing native plugins compatible for Editor in 0.28 ms, found 0 plugins.
Preloading 0 native plugins for Editor in 0.00 ms.
Invoked RoslynAnalysisRunner static constructor.
RoslynAnalysisRunner will not be running.
RoslynAnalysisRunner has terminated.
Mono: successfully reloaded assembly
- Completed reload, in  1.045 seconds
Platform modules already initialized, skipping
Refreshing native plugins compatible for Editor in 0.31 ms, found 0 plugins.
Preloading 0 native plugins for Editor in 0.00 ms.
Unloading 1135 Unused Serialized files (Serialized files now loaded: 0)
System memory in use before: 63.1 MB.
System memory in use after: 63.2 MB.

Unloading 7 unused Assets to reduce memory usage. Loaded Objects now: 1708.
Total: 2.270800 ms (FindLiveObjects: 0.170000 ms CreateObjectMapping: 0.049100 ms MarkObjects: 1.990800 ms  DeleteObjects: 0.059500 ms)

========================================================================
Received Prepare
Registering precompiled user dll's ...
Registered in 0.002366 seconds.
Begin MonoManager ReloadAssembly
Native extension for WindowsStandalone target not found
Refreshing native plugins compatible for Editor in 0.33 ms, found 0 plugins.
Preloading 0 native plugins for Editor in 0.00 ms.
Invoked RoslynAnalysisRunner static constructor.
RoslynAnalysisRunner will not be running.
RoslynAnalysisRunner has terminated.
Mono: successfully reloaded assembly
- Completed reload, in  1.066 seconds
Platform modules already initialized, skipping
Refreshing native plugins compatible for Editor in 1.16 ms, found 0 plugins.
Preloading 0 native plugins for Editor in 0.00 ms.
Unloading 1135 Unused Serialized files (Serialized files now loaded: 0)
System memory in use before: 63.3 MB.
System memory in use after: 63.4 MB.

Unloading 7 unused Assets to reduce memory usage. Loaded Objects now: 1710.
Total: 2.500400 ms (FindLiveObjects: 0.219600 ms CreateObjectMapping: 0.101700 ms MarkObjects: 2.113600 ms  DeleteObjects: 0.063700 ms)

========================================================================
Received Prepare
Registering precompiled user dll's ...
Registered in 0.002450 seconds.
Begin MonoManager ReloadAssembly
Native extension for WindowsStandalone target not found
Refreshing native plugins compatible for Editor in 0.40 ms, found 0 plugins.
Preloading 0 native plugins for Editor in 0.00 ms.
Invoked RoslynAnalysisRunner static constructor.
RoslynAnalysisRunner will not be running.
RoslynAnalysisRunner has terminated.
Mono: successfully reloaded assembly
- Completed reload, in  1.040 seconds
Platform modules already initialized, skipping
Refreshing native plugins compatible for Editor in 0.28 ms, found 0 plugins.
Preloading 0 native plugins for Editor in 0.00 ms.
Unloading 1135 Unused Serialized files (Serialized files now loaded: 0)
System memory in use before: 63.5 MB.
System memory in use after: 63.6 MB.

Unloading 7 unused Assets to reduce memory usage. Loaded Objects now: 1712.
Total: 2.300600 ms (FindLiveObjects: 0.163800 ms CreateObjectMapping: 0.049000 ms MarkObjects: 2.023900 ms  DeleteObjects: 0.062400 ms)

========================================================================
Received Prepare
Registering precompiled user dll's ...
Registered in 0.002961 seconds.
Begin MonoManager ReloadAssembly
Native extension for WindowsStandalone target not found
Refreshing native plugins compatible for Editor in 0.28 ms, found 0 plugins.
Preloading 0 native plugins for Editor in 0.00 ms.
Invoked RoslynAnalysisRunner static constructor.
RoslynAnalysisRunner will not be running.
RoslynAnalysisRunner has terminated.
Mono: successfully reloaded assembly
- Completed reload, in  0.998 seconds
Platform modules already initialized, skipping
Refreshing native plugins compatible for Editor in 0.35 ms, found 0 plugins.
Preloading 0 native plugins for Editor in 0.00 ms.
Unloading 1135 Unused Serialized files (Serialized files now loaded: 0)
System memory in use before: 63.7 MB.
System memory in use after: 63.8 MB.

Unloading 7 unused Assets to reduce memory usage. Loaded Objects now: 1714.
Total: 2.039900 ms (FindLiveObjects: 0.172600 ms CreateObjectMapping: 0.048100 ms MarkObjects: 1.761300 ms  DeleteObjects: 0.056800 ms)

========================================================================
Received Prepare
Registering precompiled user dll's ...
Registered in 0.002520 seconds.
Begin MonoManager ReloadAssembly
Native extension for WindowsStandalone target not found
Refreshing native plugins compatible for Editor in 0.28 ms, found 0 plugins.
Preloading 0 native plugins for Editor in 0.00 ms.
Invoked RoslynAnalysisRunner static constructor.
RoslynAnalysisRunner will not be running.
RoslynAnalysisRunner has terminated.
Mono: successfully reloaded assembly
- Completed reload, in  1.068 seconds
Platform modules already initialized, skipping
Refreshing native plugins compatible for Editor in 0.34 ms, found 0 plugins.
Preloading 0 native plugins for Editor in 0.00 ms.
Unloading 1135 Unused Serialized files (Serialized files now loaded: 0)
System memory in use before: 63.9 MB.
System memory in use after: 64.0 MB.

Unloading 7 unused Assets to reduce memory usage. Loaded Objects now: 1716.
Total: 2.828300 ms (FindLiveObjects: 0.732000 ms CreateObjectMapping: 0.116100 ms MarkObjects: 1.909300 ms  DeleteObjects: 0.069600 ms)

========================================================================
Received Prepare
Registering precompiled user dll's ...
Registered in 0.002481 seconds.
Begin MonoManager ReloadAssembly
Native extension for WindowsStandalone target not found
Refreshing native plugins compatible for Editor in 0.31 ms, found 0 plugins.
Preloading 0 native plugins for Editor in 0.00 ms.
Invoked RoslynAnalysisRunner static constructor.
RoslynAnalysisRunner will not be running.
RoslynAnalysisRunner has terminated.
Mono: successfully reloaded assembly
- Completed reload, in  1.052 seconds
Platform modules already initialized, skipping
Refreshing native plugins compatible for Editor in 0.30 ms, found 0 plugins.
Preloading 0 native plugins for Editor in 0.00 ms.
Unloading 1135 Unused Serialized files (Serialized files now loaded: 0)
System memory in use before: 63.2 MB.
System memory in use after: 63.2 MB.

Unloading 7 unused Assets to reduce memory usage. Loaded Objects now: 1718.
Total: 2.320400 ms (FindLiveObjects: 0.270100 ms CreateObjectMapping: 0.117700 ms MarkObjects: 1.865400 ms  DeleteObjects: 0.066200 ms)

========================================================================
Received Prepare
Registering precompiled user dll's ...
Registered in 0.002365 seconds.
Begin MonoManager ReloadAssembly
Native extension for WindowsStandalone target not found
Refreshing native plugins compatible for Editor in 0.28 ms, found 0 plugins.
Preloading 0 native plugins for Editor in 0.00 ms.
Invoked RoslynAnalysisRunner static constructor.
RoslynAnalysisRunner will not be running.
RoslynAnalysisRunner has terminated.
Mono: successfully reloaded assembly
- Completed reload, in  1.144 seconds
Platform modules already initialized, skipping
Refreshing native plugins compatible for Editor in 0.30 ms, found 0 plugins.
Preloading 0 native plugins for Editor in 0.00 ms.
Unloading 1135 Unused Serialized files (Serialized files now loaded: 0)
System memory in use before: 63.4 MB.
System memory in use after: 63.4 MB.

Unloading 7 unused Assets to reduce memory usage. Loaded Objects now: 1720.
Total: 2.332200 ms (FindLiveObjects: 0.201600 ms CreateObjectMapping: 0.050600 ms MarkObjects: 1.987400 ms  DeleteObjects: 0.091500 ms)

========================================================================
Received Prepare
Registering precompiled user dll's ...
Registered in 0.002916 seconds.
Begin MonoManager ReloadAssembly
Native extension for WindowsStandalone target not found
Refreshing native plugins compatible for Editor in 0.29 ms, found 0 plugins.
Preloading 0 native plugins for Editor in 0.00 ms.
Invoked RoslynAnalysisRunner static constructor.
RoslynAnalysisRunner will not be running.
RoslynAnalysisRunner has terminated.
Mono: successfully reloaded assembly
- Completed reload, in  1.091 seconds
Platform modules already initialized, skipping
Refreshing native plugins compatible for Editor in 0.32 ms, found 0 plugins.
Preloading 0 native plugins for Editor in 0.00 ms.
Unloading 1135 Unused Serialized files (Serialized files now loaded: 0)
System memory in use before: 63.6 MB.
System memory in use after: 63.6 MB.

Unloading 7 unused Assets to reduce memory usage. Loaded Objects now: 1722.
Total: 2.356900 ms (FindLiveObjects: 0.157500 ms CreateObjectMapping: 0.045300 ms MarkObjects: 2.066300 ms  DeleteObjects: 0.086900 ms)

========================================================================
Received Prepare
Registering precompiled user dll's ...
Registered in 0.002748 seconds.
Begin MonoManager ReloadAssembly
Native extension for WindowsStandalone target not found
Refreshing native plugins compatible for Editor in 0.27 ms, found 0 plugins.
Preloading 0 native plugins for Editor in 0.00 ms.
Invoked RoslynAnalysisRunner static constructor.
RoslynAnalysisRunner will not be running.
RoslynAnalysisRunner has terminated.
Mono: successfully reloaded assembly
- Completed reload, in  1.172 seconds
Platform modules already initialized, skipping
Refreshing native plugins compatible for Editor in 0.29 ms, found 0 plugins.
Preloading 0 native plugins for Editor in 0.00 ms.
Unloading 1135 Unused Serialized files (Serialized files now loaded: 0)
System memory in use before: 63.8 MB.
System memory in use after: 63.8 MB.

Unloading 7 unused Assets to reduce memory usage. Loaded Objects now: 1724.
Total: 2.442200 ms (FindLiveObjects: 0.355700 ms CreateObjectMapping: 0.058800 ms MarkObjects: 1.953900 ms  DeleteObjects: 0.072400 ms)

========================================================================
Received Import Request.
  Time since last request: 3181.922373 seconds.
  path: Assets/Scenes
  artifactKey: Guid(a757781449ad3e649adb1c0119ee8510) Importer(815301076,1909f56bfc062723c751e8b465ee728b)
Start importing Assets/Scenes using Guid(a757781449ad3e649adb1c0119ee8510) Importer(815301076,1909f56bfc062723c751e8b465ee728b)  -> (artifact id: '4e213b3a6f42601854c1c0c2a1fc802e') in 0.019784 seconds
  Import took 0.022670 seconds .

========================================================================
Received Prepare
Registering precompiled user dll's ...
Registered in 0.002728 seconds.
Begin MonoManager ReloadAssembly
Native extension for WindowsStandalone target not found
Refreshing native plugins compatible for Editor in 0.29 ms, found 0 plugins.
Preloading 0 native plugins for Editor in 0.00 ms.
Invoked RoslynAnalysisRunner static constructor.
RoslynAnalysisRunner will not be running.
RoslynAnalysisRunner has terminated.
Mono: successfully reloaded assembly
- Completed reload, in  1.100 seconds
Platform modules already initialized, skipping
Refreshing native plugins compatible for Editor in 0.32 ms, found 0 plugins.
Preloading 0 native plugins for Editor in 0.00 ms.
Unloading 1135 Unused Serialized files (Serialized files now loaded: 0)
System memory in use before: 64.0 MB.
System memory in use after: 64.0 MB.

Unloading 7 unused Assets to reduce memory usage. Loaded Objects now: 1726.
Total: 2.065400 ms (FindLiveObjects: 0.238700 ms CreateObjectMapping: 0.075900 ms MarkObjects: 1.680700 ms  DeleteObjects: 0.068700 ms)

========================================================================
Received Prepare
Registering precompiled user dll's ...
Registered in 0.002467 seconds.
Begin MonoManager ReloadAssembly
Native extension for WindowsStandalone target not found
Refreshing native plugins compatible for Editor in 0.28 ms, found 0 plugins.
Preloading 0 native plugins for Editor in 0.00 ms.
Invoked RoslynAnalysisRunner static constructor.
RoslynAnalysisRunner will not be running.
RoslynAnalysisRunner has terminated.
Mono: successfully reloaded assembly
- Completed reload, in  1.104 seconds
Platform modules already initialized, skipping
Refreshing native plugins compatible for Editor in 0.28 ms, found 0 plugins.
Preloading 0 native plugins for Editor in 0.00 ms.
Unloading 1135 Unused Serialized files (Serialized files now loaded: 0)
System memory in use before: 63.2 MB.
System memory in use after: 63.3 MB.

Unloading 7 unused Assets to reduce memory usage. Loaded Objects now: 1728.
Total: 2.382500 ms (FindLiveObjects: 0.417400 ms CreateObjectMapping: 0.070700 ms MarkObjects: 1.810300 ms  DeleteObjects: 0.082900 ms)

========================================================================
Received Prepare
Registering precompiled user dll's ...
Registered in 0.002468 seconds.
Begin MonoManager ReloadAssembly
Native extension for WindowsStandalone target not found
Refreshing native plugins compatible for Editor in 0.49 ms, found 0 plugins.
Preloading 0 native plugins for Editor in 0.00 ms.
Invoked RoslynAnalysisRunner static constructor.
RoslynAnalysisRunner will not be running.
RoslynAnalysisRunner has terminated.
Mono: successfully reloaded assembly
- Completed reload, in  1.275 seconds
Platform modules already initialized, skipping
Refreshing native plugins compatible for Editor in 0.31 ms, found 0 plugins.
Preloading 0 native plugins for Editor in 0.00 ms.
Unloading 1135 Unused Serialized files (Serialized files now loaded: 0)
System memory in use before: 63.4 MB.
System memory in use after: 63.5 MB.

Unloading 7 unused Assets to reduce memory usage. Loaded Objects now: 1730.
Total: 2.206000 ms (FindLiveObjects: 0.181800 ms CreateObjectMapping: 0.046700 ms MarkObjects: 1.899300 ms  DeleteObjects: 0.076600 ms)

========================================================================
Received Prepare
Registering precompiled user dll's ...
Registered in 0.002589 seconds.
Begin MonoManager ReloadAssembly
Native extension for WindowsStandalone target not found
Refreshing native plugins compatible for Editor in 0.29 ms, found 0 plugins.
Preloading 0 native plugins for Editor in 0.00 ms.
Invoked RoslynAnalysisRunner static constructor.
RoslynAnalysisRunner will not be running.
RoslynAnalysisRunner has terminated.
Mono: successfully reloaded assembly
- Completed reload, in  1.133 seconds
Platform modules already initialized, skipping
Refreshing native plugins compatible for Editor in 0.32 ms, found 0 plugins.
Preloading 0 native plugins for Editor in 0.00 ms.
Unloading 1135 Unused Serialized files (Serialized files now loaded: 0)
System memory in use before: 63.6 MB.
System memory in use after: 63.7 MB.

Unloading 7 unused Assets to reduce memory usage. Loaded Objects now: 1732.
Total: 2.723700 ms (FindLiveObjects: 0.237900 ms CreateObjectMapping: 0.108000 ms MarkObjects: 2.289100 ms  DeleteObjects: 0.086900 ms)

========================================================================
Received Import Request.
  Time since last request: 739.569923 seconds.
  path: Assets/Scripts/CubeScript.cs
  artifactKey: Guid(4dd653c38ffbe7d4b8d1baf089a0cb63) Importer(815301076,1909f56bfc062723c751e8b465ee728b)
Start importing Assets/Scripts/CubeScript.cs using Guid(4dd653c38ffbe7d4b8d1baf089a0cb63) Importer(815301076,1909f56bfc062723c751e8b465ee728b)  -> (artifact id: 'f83a1be4531151b7231fe436a9177e81') in 0.012112 seconds
  Import took 0.014814 seconds .

========================================================================
Received Import Request.
  Time since last request: 0.028813 seconds.
  path: Assets/Scripts/CubeScript.cs
  artifactKey: Guid(4dd653c38ffbe7d4b8d1baf089a0cb63) Importer(815301076,1909f56bfc062723c751e8b465ee728b)
Start importing Assets/Scripts/CubeScript.cs using Guid(4dd653c38ffbe7d4b8d1baf089a0cb63) Importer(815301076,1909f56bfc062723c751e8b465ee728b)  -> (artifact id: 'f83a1be4531151b7231fe436a9177e81') in 0.008723 seconds
  Import took 0.011314 seconds .

AssetImportWorkerClient::OnTransportError - code=2 error=End of file
