Using pre-set license
Built from '2020.2/release' branch; Version is '2020.2.1f1 (270dd8c3da1c) revision 2559448'; Using compiler version '192528614'; Build Type 'Release'
OS: 'Windows 10  (10.0.0) 64bit' Language: 'en' Physical Memory: 16333 MB
BatchMode: 1, IsHumanControllingUs: 0, StartBugReporterOnCrash: 0, Is64bit: 1, IsPro: 0

 COMMAND LINE ARGUMENTS:
C:\Program Files\Unity\Hub\Editor\2020.2.1f1\Editor\Unity.exe
-adb2
-batchMode
-noUpm
-name
AssetImportWorker0
-projectPath
C:/Users/pc/Documents/GitHub/Simple-Game-Assignmnet/Exercise Assignment
-logFile
Logs/AssetImportWorker0.log
-srvPort
64809
Successfully changed project path to: C:/Users/pc/Documents/GitHub/Simple-Game-Assignmnet/Exercise Assignment
C:/Users/pc/Documents/GitHub/Simple-Game-Assignmnet/Exercise Assignment
Using Asset Import Pipeline V2.
Refreshing native plugins compatible for Editor in 31.09 ms, found 0 plugins.
Preloading 0 native plugins for Editor in 0.00 ms.
Initialize engine version: 2020.2.1f1 (270dd8c3da1c)
[Subsystems] Discovering subsystems at path C:/Program Files/Unity/Hub/Editor/2020.2.1f1/Editor/Data/Resources/UnitySubsystems
[Subsystems] Discovering subsystems at path C:/Users/pc/Documents/GitHub/Simple-Game-Assignmnet/Exercise Assignment/Assets
GfxDevice: creating device client; threaded=0
Direct3D:
    Version:  Direct3D 11.0 [level 11.1]
    Renderer: NVIDIA GeForce GTX 1060 3GB (ID=0x1c02)
    Vendor:   
    VRAM:     2988 MB
    Driver:   30.0.14.7141
Initialize mono
Mono path[0] = 'C:/Program Files/Unity/Hub/Editor/2020.2.1f1/Editor/Data/Managed'
Mono path[1] = 'C:/Program Files/Unity/Hub/Editor/2020.2.1f1/Editor/Data/MonoBleedingEdge/lib/mono/unityjit'
Mono config path = 'C:/Program Files/Unity/Hub/Editor/2020.2.1f1/Editor/Data/MonoBleedingEdge/etc'
Using monoOptions --debugger-agent=transport=dt_socket,embedding=1,server=y,suspend=n,address=127.0.0.1:56136
Begin MonoManager ReloadAssembly
Registering precompiled unity dll's ...
Register platform support module: C:/Program Files/Unity/Hub/Editor/2020.2.1f1/Editor/Data/PlaybackEngines/WindowsStandaloneSupport/UnityEditor.WindowsStandalone.Extensions.dll
Registered in 0.003660 seconds.
Native extension for WindowsStandalone target not found
Refreshing native plugins compatible for Editor in 32.06 ms, found 0 plugins.
Preloading 0 native plugins for Editor in 0.00 ms.
Invoked RoslynAnalysisRunner static constructor.
RoslynAnalysisRunner will not be running.
RoslynAnalysisRunner has terminated.
Mono: successfully reloaded assembly
- Completed reload, in  1.796 seconds
Platform modules already initialized, skipping
Registering precompiled user dll's ...
Registered in 0.002781 seconds.
Begin MonoManager ReloadAssembly
Native extension for WindowsStandalone target not found
Refreshing native plugins compatible for Editor in 0.27 ms, found 0 plugins.
Preloading 0 native plugins for Editor in 0.00 ms.
Invoked RoslynAnalysisRunner static constructor.
RoslynAnalysisRunner will not be running.
RoslynAnalysisRunner has terminated.
Mono: successfully reloaded assembly
- Completed reload, in  1.222 seconds
Platform modules already initialized, skipping
========================================================================
Worker process is ready to serve import requests
Launched and connected shader compiler UnityShaderCompiler.exe after 0.04 seconds
Refreshing native plugins compatible for Editor in 0.26 ms, found 0 plugins.
Preloading 0 native plugins for Editor in 0.00 ms.
Unloading 1105 Unused Serialized files (Serialized files now loaded: 0)
System memory in use before: 56.9 MB.
System memory in use after: 56.9 MB.

Unloading 12 unused Assets to reduce memory usage. Loaded Objects now: 1549.
Total: 2.536100 ms (FindLiveObjects: 0.192100 ms CreateObjectMapping: 0.092500 ms MarkObjects: 2.176600 ms  DeleteObjects: 0.073500 ms)

========================================================================
Received Import Request.
  path: Assets/Scripts/Cube.cs
  artifactKey: Guid(8ae9c3649c671884a9a7a6fc99e961f5) Importer(815301076,1909f56bfc062723c751e8b465ee728b)
Start importing Assets/Scripts/Cube.cs using Guid(8ae9c3649c671884a9a7a6fc99e961f5) Importer(815301076,1909f56bfc062723c751e8b465ee728b)  -> (artifact id: 'f81a5fc62f31a426e5c2c6f266d84e50') in 0.037940 seconds
  Import took 0.040340 seconds .

========================================================================
Received Import Request.
  Time since last request: 1864.794795 seconds.
  path: Assets/Scripts/GUIManager.cs
  artifactKey: Guid(53333167d5c0efc4da01353911a6b071) Importer(815301076,1909f56bfc062723c751e8b465ee728b)
Start importing Assets/Scripts/GUIManager.cs using Guid(53333167d5c0efc4da01353911a6b071) Importer(815301076,1909f56bfc062723c751e8b465ee728b)  -> (artifact id: 'a8fb28ca95e7cac32e5191ce2e37f78e') in 0.016164 seconds
  Import took 0.019813 seconds .

========================================================================
Received Import Request.
  Time since last request: 1019.249898 seconds.
  path: Assets/Scripts/GUIManager.cs
  artifactKey: Guid(53333167d5c0efc4da01353911a6b071) Importer(815301076,1909f56bfc062723c751e8b465ee728b)
Start importing Assets/Scripts/GUIManager.cs using Guid(53333167d5c0efc4da01353911a6b071) Importer(815301076,1909f56bfc062723c751e8b465ee728b)  -> (artifact id: 'd5f2d8645e2f84b52201dc7cf7f0c421') in 0.026701 seconds
  Import took 0.032033 seconds .

========================================================================
Received Import Request.
  Time since last request: 0.037721 seconds.
  path: Assets/Scripts/GUIManager.cs
  artifactKey: Guid(53333167d5c0efc4da01353911a6b071) Importer(815301076,1909f56bfc062723c751e8b465ee728b)
Start importing Assets/Scripts/GUIManager.cs using Guid(53333167d5c0efc4da01353911a6b071) Importer(815301076,1909f56bfc062723c751e8b465ee728b)  -> (artifact id: 'd5f2d8645e2f84b52201dc7cf7f0c421') in 0.012543 seconds
  Import took 0.031660 seconds .

========================================================================
Received Import Request.
  Time since last request: 243.997084 seconds.
  path: Assets/Scripts/Cube.cs
  artifactKey: Guid(8ae9c3649c671884a9a7a6fc99e961f5) Importer(815301076,1909f56bfc062723c751e8b465ee728b)
Start importing Assets/Scripts/Cube.cs using Guid(8ae9c3649c671884a9a7a6fc99e961f5) Importer(815301076,1909f56bfc062723c751e8b465ee728b)  -> (artifact id: '55ddc713033ed6cb8901ccbb1f5bf63c') in 0.008601 seconds
  Import took 0.014052 seconds .

AssetImportWorkerClient::OnTransportError - code=2 error=End of file
